[2022-06-30T15:06:05.565] [INFO] default - db connected
[2022-06-30T15:29:24.488] [INFO] default - db connected
[2022-06-30T15:57:00.431] [INFO] default - db connected
[2022-06-30T16:31:57.650] [INFO] default - db connected
[2022-06-30T16:38:25.755] [INFO] default - db connected
[2022-07-01T09:21:23.233] [INFO] default - db connected
[2022-07-01T09:25:02.155] [INFO] default - db connected
[2022-07-01T09:35:20.261] [INFO] default - db connected
[2022-07-01T09:37:18.843] [INFO] default - db connected
[2022-07-01T09:38:57.408] [INFO] default - db connected
[2022-07-01T09:40:14.832] [INFO] default - db connected
[2022-07-01T09:41:58.736] [INFO] default - db connected
[2022-07-01T09:45:44.997] [INFO] default - db connected
[2022-07-01T09:55:13.799] [INFO] default - db connected
[2022-07-01T09:56:03.467] [INFO] default - db connected
[2022-07-01T09:58:20.532] [INFO] default - db connected
[2022-07-01T09:59:14.263] [INFO] default - db connected
[2022-07-01T10:00:49.363] [INFO] default - db connected
[2022-07-01T10:01:55.513] [INFO] default - db connected
[2022-07-01T10:02:52.666] [INFO] default - db connected
[2022-07-01T10:03:49.547] [INFO] default - db connected
[2022-07-01T10:05:11.114] [INFO] default - db connected
[2022-07-01T10:33:57.924] [INFO] default - db connected
[2022-07-01T10:40:25.307] [INFO] default - db connected
[2022-07-01T10:44:11.187] [INFO] default - db connected
[2022-07-01T10:45:04.872] [INFO] default - db connected
[2022-07-01T10:45:33.348] [INFO] default - db connected
[2022-07-01T10:46:58.538] [INFO] default - db connected
[2022-07-01T10:48:12.035] [INFO] default - db connected
[2022-07-01T15:30:49.420] [INFO] default - db connected
[2022-07-01T15:38:41.140] [INFO] default - db connected
[2022-07-01T15:44:51.781] [ERROR] default - duplicate key value violates unique constraint "UQ_065d4d8f3b5adb4a08841eae3c8"
[2022-07-01T15:47:13.883] [INFO] default - db connected
[2022-07-01T15:48:03.932] [ERROR] default - Connection "default" was not found.
[2022-07-01T15:48:32.410] [ERROR] default - Connection "default" was not found.
[2022-07-01T15:49:20.556] [INFO] default - db connected
[2022-07-01T15:49:24.338] [ERROR] default - No entity column "photos" was found.
[2022-07-01T16:25:37.935] [INFO] default - db connected
[2022-07-01T16:43:17.585] [INFO] default - db connected
[2022-07-01T16:43:27.287] [ERROR] default - Connection "default" was not found.
[2022-07-01T16:45:06.122] [INFO] default - db connected
[2022-07-01T16:45:09.853] [ERROR] default - Connection "default" was not found.
[2022-07-01T16:45:40.537] [INFO] default - db connected
[2022-07-01T16:45:43.205] [ERROR] default - duplicate key value violates unique constraint "UQ_26e2f7347378254c076729d53cb"
[2022-07-01T16:45:53.755] [ERROR] default - Cannot perform update query because update values are not defined. Call "qb.set(...)" method to specify updated values.
[2022-07-01T16:47:15.912] [INFO] default - db connected
[2022-07-01T16:48:58.641] [INFO] default - db connected
[2022-07-01T16:49:01.661] [ERROR] default - duplicate key value violates unique constraint "UQ_26e2f7347378254c076729d53cb"
[2022-07-01T16:49:47.175] [INFO] default - db connected
[2022-07-01T16:59:32.699] [INFO] default - db connected
[2022-07-01T17:00:03.662] [INFO] default - db connected
[2022-07-01T17:01:09.171] [INFO] default - db connected
[2022-07-01T17:01:30.359] [ERROR] default - Relation "photo" was not found; please check if it is correct and really exists in your entity.
[2022-07-01T17:03:19.049] [INFO] default - db connected
[2022-07-01T17:04:54.973] [INFO] default - db connected
[2022-07-04T10:26:57.854] [INFO] default - db connected
[2022-07-04T10:52:03.771] [INFO] default - db connected
[2022-07-04T11:16:54.887] [INFO] default - db connected
[2022-07-04T11:33:07.573] [INFO] default - db connected
[2022-07-04T11:34:14.382] [ERROR] default - duplicate key value violates unique constraint "UQ_df3e2b37b308f16f24c7c7defc8"
[2022-07-04T11:34:24.844] [ERROR] default - duplicate key value violates unique constraint "UQ_df3e2b37b308f16f24c7c7defc8"
[2022-07-04T11:34:38.756] [ERROR] default - duplicate key value violates unique constraint "UQ_df3e2b37b308f16f24c7c7defc8"
[2022-07-04T11:34:45.085] [ERROR] default - duplicate key value violates unique constraint "UQ_df3e2b37b308f16f24c7c7defc8"
[2022-07-04T11:35:11.475] [ERROR] default - duplicate key value violates unique constraint "UQ_df3e2b37b308f16f24c7c7defc8"
[2022-07-04T11:35:20.254] [ERROR] default - duplicate key value violates unique constraint "UQ_df3e2b37b308f16f24c7c7defc8"
[2022-07-04T11:36:25.273] [INFO] default - db connected
[2022-07-04T11:38:16.754] [ERROR] default - insert or update on table "profile" violates foreign key constraint "FK_df3e2b37b308f16f24c7c7defc8"
[2022-07-04T11:43:57.598] [INFO] default - db connected
[2022-07-04T11:53:44.731] [INFO] default - db connected
[2022-07-04T11:54:18.517] [INFO] default - db connected
[2022-07-04T11:55:16.254] [INFO] default - db connected
[2022-07-04T12:02:19.597] [INFO] default - db connected
[2022-07-04T12:03:26.049] [INFO] default - db connected
[2022-07-04T13:52:00.809] [INFO] default - db connected
[2022-07-04T13:56:24.409] [ERROR] default - duplicate key value violates unique constraint "PK_df3e2b37b308f16f24c7c7defc8"
[2022-07-04T14:16:03.816] [INFO] default - db connected
[2022-07-04T14:42:03.117] [INFO] default - db connected
[2022-07-04T14:42:05.263] [ERROR] default - QueryFailedError: null value in column "pid" of relation "projectMember" violates not-null constraint
    at new QueryFailedError (/mnt/c/Users/11106311/desktop/backendtraining/backend_training/homework/typeorm/src/error/QueryFailedError.ts:9:9)
    at Query.callback (/mnt/c/Users/11106311/desktop/backendtraining/backend_training/homework/typeorm/src/driver/postgres/PostgresQueryRunner.ts:220:30)
    at Query.handleError (/mnt/c/Users/11106311/desktop/backendtraining/backend_training/homework/typeorm/node_modules/pg/lib/query.js:128:19)
    at Client._handleErrorMessage (/mnt/c/Users/11106311/desktop/backendtraining/backend_training/homework/typeorm/node_modules/pg/lib/client.js:335:17)
    at Connection.emit (node:events:527:28)
    at Connection.emit (node:domain:475:12)
    at /mnt/c/Users/11106311/desktop/backendtraining/backend_training/homework/typeorm/node_modules/pg/lib/connection.js:114:12
    at Parser.parse (/mnt/c/Users/11106311/desktop/backendtraining/backend_training/homework/typeorm/node_modules/pg-protocol/src/parser.ts:104:9)
    at Socket.<anonymous> (/mnt/c/Users/11106311/desktop/backendtraining/backend_training/homework/typeorm/node_modules/pg-protocol/src/index.ts:7:48)
    at Socket.emit (node:events:527:28) {
  length: 210,
  severity: 'ERROR',
  code: '23502',
  detail: 'Failing row contains (null, null).',
  hint: undefined,
  position: undefined,
  internalPosition: undefined,
  internalQuery: undefined,
  where: undefined,
  schema: 'public',
  table: 'projectMember',
  column: 'pid',
  dataType: undefined,
  constraint: undefined,
  file: 'execMain.c',
  line: '1883',
  routine: 'ExecConstraints',
  query: 'INSERT INTO "projectMember"("pid", "emp") VALUES (DEFAULT, DEFAULT)',
  parameters: []
}
[2022-07-04T15:04:25.290] [INFO] default - db connected
[2022-07-04T16:00:16.089] [INFO] default - db connected
[2022-07-04T16:08:31.436] [INFO] default - db connected
[2022-07-04T16:11:53.866] [INFO] default - db connected
[2022-07-04T16:12:58.076] [INFO] default - db connected
[2022-07-04T16:14:23.344] [ERROR] default - TypeError: Cannot read properties of undefined (reading 'emps')
    at /mnt/c/Users/11106311/desktop/backendtraining/backend_training/homework/typeorm/src/service/projectService.ts:27:22
    at step (/mnt/c/Users/11106311/desktop/backendtraining/backend_training/homework/typeorm/src/service/projectService.ts:33:23)
    at Object.next (/mnt/c/Users/11106311/desktop/backendtraining/backend_training/homework/typeorm/src/service/projectService.ts:14:53)
    at fulfilled (/mnt/c/Users/11106311/desktop/backendtraining/backend_training/homework/typeorm/src/service/projectService.ts:5:58)
    at processTicksAndRejections (node:internal/process/task_queues:96:5)
[2022-07-04T16:14:27.371] [ERROR] default - TypeError: Cannot read properties of undefined (reading 'emps')
    at /mnt/c/Users/11106311/desktop/backendtraining/backend_training/homework/typeorm/src/service/projectService.ts:27:22
    at step (/mnt/c/Users/11106311/desktop/backendtraining/backend_training/homework/typeorm/src/service/projectService.ts:33:23)
    at Object.next (/mnt/c/Users/11106311/desktop/backendtraining/backend_training/homework/typeorm/src/service/projectService.ts:14:53)
    at fulfilled (/mnt/c/Users/11106311/desktop/backendtraining/backend_training/homework/typeorm/src/service/projectService.ts:5:58)
    at processTicksAndRejections (node:internal/process/task_queues:96:5)
[2022-07-04T16:14:30.275] [ERROR] default - TypeError: Cannot read properties of undefined (reading 'emps')
    at /mnt/c/Users/11106311/desktop/backendtraining/backend_training/homework/typeorm/src/service/projectService.ts:27:22
    at step (/mnt/c/Users/11106311/desktop/backendtraining/backend_training/homework/typeorm/src/service/projectService.ts:33:23)
    at Object.next (/mnt/c/Users/11106311/desktop/backendtraining/backend_training/homework/typeorm/src/service/projectService.ts:14:53)
    at fulfilled (/mnt/c/Users/11106311/desktop/backendtraining/backend_training/homework/typeorm/src/service/projectService.ts:5:58)
    at processTicksAndRejections (node:internal/process/task_queues:96:5)
[2022-07-04T16:15:18.954] [INFO] default - db connected
[2022-07-04T16:16:59.639] [INFO] default - db connected
[2022-07-04T16:17:32.765] [ERROR] default - TypeError: Cannot read properties of undefined (reading 'project')
    at /mnt/c/Users/11106311/desktop/backendtraining/backend_training/homework/typeorm/src/service/projectService.ts:13:22
    at step (/mnt/c/Users/11106311/desktop/backendtraining/backend_training/homework/typeorm/src/service/projectService.ts:33:23)
    at Object.next (/mnt/c/Users/11106311/desktop/backendtraining/backend_training/homework/typeorm/src/service/projectService.ts:14:53)
    at fulfilled (/mnt/c/Users/11106311/desktop/backendtraining/backend_training/homework/typeorm/src/service/projectService.ts:5:58)
    at processTicksAndRejections (node:internal/process/task_queues:96:5)
[2022-07-04T16:18:20.384] [INFO] default - db connected
[2022-07-04T16:19:17.822] [INFO] default - db connected
[2022-07-04T16:19:42.349] [ERROR] default - TypeError: Cannot read properties of undefined (reading 'emps')
    at /mnt/c/Users/11106311/desktop/backendtraining/backend_training/homework/typeorm/src/service/projectService.ts:27:22
    at step (/mnt/c/Users/11106311/desktop/backendtraining/backend_training/homework/typeorm/src/service/projectService.ts:33:23)
    at Object.next (/mnt/c/Users/11106311/desktop/backendtraining/backend_training/homework/typeorm/src/service/projectService.ts:14:53)
    at fulfilled (/mnt/c/Users/11106311/desktop/backendtraining/backend_training/homework/typeorm/src/service/projectService.ts:5:58)
    at processTicksAndRejections (node:internal/process/task_queues:96:5)
[2022-07-04T16:26:58.379] [INFO] default - db connected
[2022-07-04T16:29:32.097] [INFO] default - db connected
[2022-07-04T16:38:45.342] [INFO] default - db connected
[2022-07-04T16:46:01.080] [INFO] default - db connected
[2022-07-04T16:49:16.946] [INFO] default - db connected
[2022-07-05T08:29:58.089] [INFO] default - db connected
[2022-07-05T09:13:37.720] [ERROR] default - duplicate key value violates unique constraint "UQ_26e2f7347378254c076729d53cb"
[2022-07-05T09:25:10.882] [ERROR] default - duplicate key value violates unique constraint "UQ_26e2f7347378254c076729d53cb"
[2022-07-05T15:49:27.670] [INFO] default - db connected
[2022-07-05T15:49:57.422] [ERROR] default - insert or update on table "profile" violates foreign key constraint "FK_df3e2b37b308f16f24c7c7defc8"
[2022-07-05T15:50:02.198] [ERROR] default - duplicate key value violates unique constraint "PK_df3e2b37b308f16f24c7c7defc8"
[2022-07-05T16:48:57.806] [INFO] default - db connected
[2022-07-06T09:55:28.713] [INFO] default - 
    db_user: postgres, 

    db_password: 123456, 

    db_port: 5433
  
[2022-07-06T09:55:29.366] [INFO] default - Listening on 3000
[2022-07-06T10:36:11.367] [INFO] default - 
    db_user: postgres, 

    db_password: 123456, 

    db_port: 5433
  
[2022-07-06T10:36:11.859] [INFO] default - Listening on 3000
[2022-07-06T10:36:32.286] [INFO] default - ::1 POST[201][214ms] /user {"name":"yuzhi","email":"1@1.com","password":"123456","id":1}
[2022-07-06T10:36:43.331] [ERROR] default - Cannot read properties of undefined (reading 'password')
[2022-07-06T10:36:43.332] [ERROR] default - ::1 POST[400][47ms] /user/login {"email":"1@1.com","password":"123456"}
[2022-07-06T10:38:46.577] [INFO] default - 
    db_user: postgres, 

    db_password: 123456, 

    db_port: 5433
  
[2022-07-06T10:38:47.101] [INFO] default - Listening on 3000
[2022-07-06T10:38:51.721] [INFO] default - ::1 POST[201][105ms] /user {"name":"yuzhi","email":"1@1.com","password":"123456","id":2}
[2022-07-06T10:40:10.028] [INFO] default - 
    db_user: postgres, 

    db_password: 123456, 

    db_port: 5433
  
[2022-07-06T10:40:10.552] [INFO] default - Listening on 3000
[2022-07-06T10:40:24.375] [INFO] default - ::1 POST[201][144ms] /user {"name":"yuzhi","email":"1@1.com","password":"123456","id":3}
[2022-07-06T10:44:18.986] [INFO] default - 
    db_user: postgres, 

    db_password: 123456, 

    db_port: 5433
  
[2022-07-06T10:44:19.531] [INFO] default - Listening on 3000
[2022-07-06T10:44:27.258] [ERROR] default - duplicate key value violates unique constraint "UQ_065d4d8f3b5adb4a08841eae3c8"
[2022-07-06T10:44:27.266] [ERROR] default - ::1 POST[400][280ms] /user {"name":"yuzhi","email":"1@1.com","password":"123456"}
[2022-07-06T10:44:34.054] [INFO] default - ::1 POST[201][115ms] /user {"name":"yuzhi","email":"1@1.com","password":"123456"}
[2022-07-06T10:44:48.860] [ERROR] default - Cannot read properties of undefined (reading 'password')
[2022-07-06T10:44:48.862] [ERROR] default - ::1 POST[400][48ms] /user/login {"email":"1@1.com","password":"123456"}
[2022-07-06T10:46:44.425] [INFO] default - 
    db_user: postgres, 

    db_password: 123456, 

    db_port: 5433
  
[2022-07-06T10:46:44.980] [INFO] default - Listening on 3000
[2022-07-06T10:47:02.738] [INFO] default - undefined123456
[2022-07-06T10:47:02.789] [ERROR] default - Cannot read properties of undefined (reading 'password')
[2022-07-06T10:47:02.794] [ERROR] default - ::1 POST[400][142ms] /user/login {"email":"1@1.com","password":"123456"}
[2022-07-06T10:48:18.339] [INFO] default - 
    db_user: postgres, 

    db_password: 123456, 

    db_port: 5433
  
[2022-07-06T10:48:18.868] [INFO] default - Listening on 3000
[2022-07-06T10:48:23.884] [INFO] default - undefined123456
[2022-07-06T10:48:23.894] [ERROR] default - Cannot read properties of undefined (reading 'password')
[2022-07-06T10:48:23.898] [ERROR] default - ::1 POST[400][94ms] /user/login {"email":"1@1.com","password":"123456"}
[2022-07-06T10:49:50.406] [INFO] default - 
    db_user: postgres, 

    db_password: 123456, 

    db_port: 5433
  
[2022-07-06T10:49:50.962] [INFO] default - Listening on 3000
[2022-07-06T10:50:33.984] [INFO] default - 1@1.com123456
[2022-07-06T10:50:34.093] [INFO] default - ::1 POST[200][188ms] /user/login {"email":"1@1.com","password":"123456"}
[2022-07-06T11:05:41.274] [INFO] default - 
    db_user: postgres, 

    db_password: 123456, 

    db_port: 5433
  
[2022-07-06T11:05:42.422] [INFO] default - Listening on 3000
[2022-07-06T11:06:51.923] [INFO] default - 
    db_user: postgres, 

    db_password: 123456, 

    db_port: 5433
  
[2022-07-06T11:07:50.142] [INFO] default - Listening on 3000
[2022-07-06T11:08:57.792] [INFO] default - 
    db_user: postgres, 

    db_password: 123456, 

    db_port: 5433
  
[2022-07-06T11:09:04.830] [INFO] default - Listening on 3000
[2022-07-06T13:11:14.684] [INFO] default - 
    db_user: postgres, 

    db_password: 123456, 

    db_port: 5433
  
[2022-07-06T13:11:14.902] [INFO] default - Listening on 3000
[2022-07-06T13:11:29.048] [INFO] default - 
    db_user: postgres, 

    db_password: 123456, 

    db_port: 5433
  
[2022-07-06T13:11:29.271] [INFO] default - Listening on 3000
[2022-07-06T13:12:43.176] [ERROR] default - secretOrPrivateKey must have a value
[2022-07-06T13:12:43.182] [ERROR] default - ::1 POST[400][115ms] /user/login {"email":"1@1.com","password":"123456"}
[2022-07-06T13:13:44.688] [INFO] default - 
    db_user: postgres, 

    db_password: 123456, 

    db_port: 5433
  
[2022-07-06T13:13:44.915] [INFO] default - Listening on 3000
[2022-07-06T13:13:50.836] [INFO] default - ::1 POST[200][79ms] /user/login {"email":"1@1.com","password":"123456"}
[2022-07-06T13:14:22.696] [INFO] default - 
    db_user: postgres, 

    db_password: 123456, 

    db_port: 5433
  
[2022-07-06T13:14:22.931] [INFO] default - Listening on 3000
[2022-07-06T13:21:50.635] [INFO] default - 
    db_user: postgres, 

    db_password: 123456, 

    db_port: 5433
  
[2022-07-06T13:21:50.863] [INFO] default - Listening on 3000
[2022-07-06T13:21:57.624] [INFO] default - ::1 POST[200][76ms] /user/login {"email":"1@1.com","password":"123456"}
[2022-07-06T13:25:22.096] [INFO] default - 
    db_user: postgres, 

    db_password: 123456, 

    db_port: 5433
  
[2022-07-06T13:25:22.306] [INFO] default - Listening on 3000
[2022-07-06T13:26:39.099] [INFO] default - 
    db_user: postgres, 

    db_password: 123456, 

    db_port: 5433
  
[2022-07-06T13:26:39.316] [INFO] default - Listening on 3000
[2022-07-06T13:30:24.611] [INFO] default - 
    db_user: postgres, 

    db_password: 123456, 

    db_port: 5433
  
[2022-07-06T13:30:24.878] [INFO] default - Listening on 3000
[2022-07-06T13:30:51.721] [INFO] default - 
    db_user: postgres, 

    db_password: 123456, 

    db_port: 5433
  
[2022-07-06T13:30:51.960] [INFO] default - Listening on 3000
[2022-07-06T13:33:33.164] [INFO] default - 
    db_user: postgres, 

    db_password: 123456, 

    db_port: 5433
  
[2022-07-06T13:33:33.370] [INFO] default - Listening on 3000
[2022-07-06T13:34:38.383] [INFO] default - 
    db_user: postgres, 

    db_password: 123456, 

    db_port: 5433
  
[2022-07-06T13:34:38.615] [INFO] default - Listening on 3000
[2022-07-06T13:34:58.153] [INFO] default - 
    db_user: postgres, 

    db_password: 123456, 

    db_port: 5433
  
[2022-07-06T13:34:58.369] [INFO] default - Listening on 3000
[2022-07-06T13:42:48.745] [INFO] default - 
    db_user: postgres, 

    db_password: 123456, 

    db_port: 5433
  
[2022-07-06T13:42:48.970] [INFO] default - Listening on 3000
[2022-07-06T13:51:19.068] [INFO] default - 
    db_user: postgres, 

    db_password: 123456, 

    db_port: 5433
  
[2022-07-06T13:51:19.283] [INFO] default - Listening on 3000
[2022-07-06T13:51:22.088] [ERROR] default - ::1 GET[401][6ms] /user {}
[2022-07-06T13:51:50.941] [INFO] default - 
    db_user: postgres, 

    db_password: 123456, 

    db_port: 5433
  
[2022-07-06T13:51:51.160] [INFO] default - Listening on 3000
[2022-07-06T13:52:23.939] [INFO] default - 
    db_user: postgres, 

    db_password: 123456, 

    db_port: 5433
  
[2022-07-06T13:52:24.157] [INFO] default - Listening on 3000
[2022-07-06T13:52:25.643] [INFO] default - null
[2022-07-06T13:52:25.647] [ERROR] default - ::1 GET[401][6ms] /user {}
[2022-07-06T13:52:46.436] [INFO] default - 
    db_user: postgres, 

    db_password: 123456, 

    db_port: 5433
  
[2022-07-06T13:52:46.643] [INFO] default - Listening on 3000
[2022-07-06T13:52:50.798] [INFO] default - token: null
[2022-07-06T13:52:50.804] [ERROR] default - ::1 GET[401][9ms] /user {}
[2022-07-06T13:53:26.820] [INFO] default - 
    db_user: postgres, 

    db_password: 123456, 

    db_port: 5433
  
[2022-07-06T13:53:27.046] [INFO] default - Listening on 3000
[2022-07-06T13:53:28.960] [INFO] default - token: null
[2022-07-06T13:53:28.965] [ERROR] default - ::1 GET[401][8ms] /user {}
[2022-07-06T13:54:40.498] [INFO] default - 
    db_user: postgres, 

    db_password: 123456, 

    db_port: 5433
  
[2022-07-06T13:54:40.728] [INFO] default - Listening on 3000
[2022-07-06T13:54:43.234] [INFO] default - undefined
[2022-07-06T13:54:43.238] [ERROR] default - ::1 GET[401][5ms] /user {}
[2022-07-06T13:56:11.053] [INFO] default - 
    db_user: postgres, 

    db_password: 123456, 

    db_port: 5433
  
[2022-07-06T13:56:11.266] [INFO] default - Listening on 3000
[2022-07-06T13:56:15.063] [INFO] default - undefined
[2022-07-06T13:56:15.067] [ERROR] default - ::1 GET[401][5ms] /user {}
[2022-07-06T13:59:08.061] [INFO] default - 
    db_user: postgres, 

    db_password: 123456, 

    db_port: 5433
  
[2022-07-06T13:59:08.277] [INFO] default - Listening on 3000
[2022-07-06T14:01:05.079] [INFO] default - 
    db_user: postgres, 

    db_password: 123456, 

    db_port: 5433
  
[2022-07-06T14:01:05.284] [INFO] default - Listening on 3000
[2022-07-06T14:01:09.008] [INFO] default - ::1 POST[200][76ms] /user/login {"email":"1@1.com","password":"123456"}
[2022-07-06T14:01:16.053] [INFO] default - undefined
[2022-07-06T14:01:16.054] [ERROR] default - ::1 GET[401][2ms] /user {}
[2022-07-06T14:02:20.316] [INFO] default - 
    db_user: postgres, 

    db_password: 123456, 

    db_port: 5433
  
[2022-07-06T14:02:20.517] [INFO] default - Listening on 3000
[2022-07-06T14:02:24.791] [INFO] default - undefined
[2022-07-06T14:02:24.794] [ERROR] default - ::1 GET[401][5ms] /user {}
[2022-07-06T14:03:20.286] [INFO] default - undefined
[2022-07-06T14:03:20.289] [ERROR] default - ::1 GET[401][3ms] /user {}
[2022-07-06T14:03:20.379] [ERROR] default - ::1 GET[404][3ms] /favicon.ico {}
[2022-07-06T14:04:26.470] [INFO] default - undefined
[2022-07-06T14:04:26.471] [ERROR] default - ::1 GET[401][2ms] /user {}
[2022-07-06T14:07:28.850] [INFO] default - 
    db_user: postgres, 

    db_password: 123456, 

    db_port: 5433
  
[2022-07-06T14:07:29.066] [INFO] default - Listening on 3000
[2022-07-06T14:07:31.651] [INFO] default - undefined
[2022-07-06T14:07:31.656] [ERROR] default - ::1 GET[401][6ms] /user {}
[2022-07-06T14:07:59.039] [INFO] default - ::1 POST[200][113ms] /user/login {"email":"1@1.com","password":"123456"}
[2022-07-06T14:08:02.036] [INFO] default - undefined
[2022-07-06T14:08:02.036] [ERROR] default - ::1 GET[401][1ms] /user {}
[2022-07-06T14:08:39.821] [INFO] default - undefined
[2022-07-06T14:08:39.823] [ERROR] default - ::1 GET[401][2ms] /user {}
[2022-07-06T14:09:59.558] [INFO] default - undefined
[2022-07-06T14:09:59.560] [ERROR] default - ::1 GET[401][2ms] /user {}
[2022-07-06T14:10:05.105] [INFO] default - undefined
[2022-07-06T14:10:05.106] [ERROR] default - ::1 GET[401][2ms] /user {}
[2022-07-06T14:10:48.082] [INFO] default - 
    db_user: postgres, 

    db_password: 123456, 

    db_port: 5433
  
[2022-07-06T14:10:48.294] [INFO] default - Listening on 3000
[2022-07-06T14:10:51.300] [INFO] default - undefined
[2022-07-06T14:10:51.305] [ERROR] default - ::1 GET[401][6ms] /user {}
[2022-07-06T14:10:59.829] [INFO] default - 
    db_user: postgres, 

    db_password: 123456, 

    db_port: 5433
  
[2022-07-06T14:11:00.042] [INFO] default - Listening on 3000
[2022-07-06T14:11:01.683] [INFO] default - undefined
[2022-07-06T14:11:01.689] [ERROR] default - ::1 GET[401][7ms] /user {}
[2022-07-06T14:13:08.561] [INFO] default - 
    db_user: postgres, 

    db_password: 123456, 

    db_port: 5433
  
[2022-07-06T14:13:08.773] [INFO] default - Listening on 3000
[2022-07-06T14:13:15.466] [INFO] default - undefined
[2022-07-06T14:13:15.472] [ERROR] default - ::1 GET[401][7ms] /user {}
[2022-07-06T14:13:19.272] [INFO] default - ::1 POST[200][106ms] /user/login {"email":"1@1.com","password":"123456"}
[2022-07-06T14:13:25.150] [INFO] default - ::1 POST[200][67ms] /user/login {"email":"1@1.com","password":"123456"}
[2022-07-06T14:16:39.068] [INFO] default - 
    db_user: postgres, 

    db_password: 123456, 

    db_port: 5433
  
[2022-07-06T14:16:39.287] [INFO] default - Listening on 3000
[2022-07-06T14:18:24.061] [INFO] default - 
    db_user: postgres, 

    db_password: 123456, 

    db_port: 5433
  
[2022-07-06T14:18:24.267] [INFO] default - Listening on 3000
[2022-07-06T14:18:27.687] [INFO] default - ::1 POST[200][75ms] /user/login {"email":"1@1.com","password":"123456"}
[2022-07-06T14:18:30.352] [INFO] default - undefined
[2022-07-06T14:18:30.353] [ERROR] default - ::1 GET[401][3ms] /user {}
[2022-07-06T14:20:55.645] [INFO] default - 
    db_user: postgres, 

    db_password: 123456, 

    db_port: 5433
  
[2022-07-06T14:20:55.847] [INFO] default - Listening on 3000
[2022-07-06T14:21:01.649] [INFO] default - {
  'connect.sid': 's:FYkBBMebO2EwE-pBa6x9pBtPGucZH41s.Mr2G8kBnLR/+tBk/YJMA4nShImzzleoPkdZgJ+apYdA',
  jwt: 'eyJhbGciOiJIUzI1NiIsInR5cCI6IkpXVCJ9.eyJlbWFpbCI6IjFAMS5jb20iLCJuYW1lIjoieXV6aGkiLCJpYXQiOjE2NTcwODgzMDd9.M8j3ktMgmT4qzNniEYOhrsp9I4UD6vI9dK6wK9fwPgQ'
}
[2022-07-06T14:21:01.654] [ERROR] default - ::1 GET[401][8ms] /user {}
[2022-07-06T14:21:21.482] [INFO] default - 
    db_user: postgres, 

    db_password: 123456, 

    db_port: 5433
  
[2022-07-06T14:21:21.692] [INFO] default - Listening on 3000
[2022-07-06T14:21:31.026] [INFO] default - 
    db_user: postgres, 

    db_password: 123456, 

    db_port: 5433
  
[2022-07-06T14:21:31.240] [INFO] default - Listening on 3000
[2022-07-06T14:21:36.558] [INFO] default - eyJhbGciOiJIUzI1NiIsInR5cCI6IkpXVCJ9.eyJlbWFpbCI6IjFAMS5jb20iLCJuYW1lIjoieXV6aGkiLCJpYXQiOjE2NTcwODgzMDd9.M8j3ktMgmT4qzNniEYOhrsp9I4UD6vI9dK6wK9fwPgQ
[2022-07-06T14:21:36.564] [ERROR] default - ::1 GET[401][7ms] /user {}
[2022-07-06T14:21:56.134] [INFO] default - 
    db_user: postgres, 

    db_password: 123456, 

    db_port: 5433
  
[2022-07-06T14:21:56.352] [INFO] default - Listening on 3000
[2022-07-06T14:21:59.053] [INFO] default - eyJhbGciOiJIUzI1NiIsInR5cCI6IkpXVCJ9.eyJlbWFpbCI6IjFAMS5jb20iLCJuYW1lIjoieXV6aGkiLCJpYXQiOjE2NTcwODgzMDd9.M8j3ktMgmT4qzNniEYOhrsp9I4UD6vI9dK6wK9fwPgQ
[2022-07-06T14:21:59.058] [ERROR] default - ::1 GET[401][6ms] /user {}
[2022-07-06T14:22:20.298] [INFO] default - 
    db_user: postgres, 

    db_password: 123456, 

    db_port: 5433
  
[2022-07-06T14:22:20.501] [INFO] default - Listening on 3000
[2022-07-06T14:22:23.788] [ERROR] default - ::1 GET[401][5ms] /user {}
[2022-07-06T14:24:48.240] [INFO] default - 
    db_user: postgres, 

    db_password: 123456, 

    db_port: 5433
  
[2022-07-06T14:24:48.449] [INFO] default - Listening on 3000
[2022-07-06T14:24:51.131] [INFO] default - jwt_secret
[2022-07-06T14:24:51.137] [INFO] default - ::1 POST[200][77ms] /user/login {"email":"1@1.com","password":"123456"}
[2022-07-06T14:26:02.620] [INFO] default - 
    db_user: postgres, 

    db_password: 123456, 

    db_port: 5433
  
[2022-07-06T14:26:02.841] [INFO] default - Listening on 3000
[2022-07-06T14:26:04.989] [INFO] default - jwt_secret
[2022-07-06T14:26:04.994] [INFO] default - ::1 POST[200][76ms] /user/login {"email":"1@1.com","password":"123456"}
[2022-07-06T14:26:07.150] [INFO] default - { email: '1@1.com', name: 'yuzhi', iat: 1657088764 }
[2022-07-06T14:26:21.164] [INFO] default - ::1 GET[200][14016ms] /user {}
[2022-07-06T14:26:24.514] [INFO] default - { email: '1@1.com', name: 'yuzhi', iat: 1657088764 }
[2022-07-06T14:26:25.840] [INFO] default - undefined GET[200][1327ms] /user {}
[2022-07-06T14:29:23.793] [INFO] default - 
    db_user: postgres, 

    db_password: 123456, 

    db_port: 5433
  
[2022-07-06T14:29:24.014] [INFO] default - Listening on 3000
[2022-07-06T14:29:26.397] [INFO] default - ::1 GET[200][16ms] /user {}
[2022-07-06T14:30:15.401] [INFO] default - 
    db_user: postgres, 

    db_password: 123456, 

    db_port: 5433
  
[2022-07-06T14:30:15.612] [INFO] default - Listening on 3000
[2022-07-06T14:31:14.533] [INFO] default - 
    db_user: postgres, 

    db_password: 123456, 

    db_port: 5433
  
[2022-07-06T14:31:14.747] [INFO] default - Listening on 3000
[2022-07-06T14:32:52.763] [INFO] default - ::1 GET[200][59ms] /user {}
[2022-07-06T14:35:19.120] [INFO] default - 
    db_user: postgres, 

    db_password: 123456, 

    db_port: 5433
  
[2022-07-06T14:35:19.324] [INFO] default - Listening on 3000
[2022-07-06T14:35:21.772] [INFO] default - { email: '1@1.com', name: undefined }
[2022-07-06T14:35:21.784] [INFO] default - ::1 GET[200][16ms] /user {}
[2022-07-06T14:36:25.793] [INFO] default - 
    db_user: postgres, 

    db_password: 123456, 

    db_port: 5433
  
[2022-07-06T14:36:26.017] [INFO] default - Listening on 3000
[2022-07-06T14:36:29.208] [INFO] default - { email: '1@1.com', name: undefined }
[2022-07-06T14:36:29.221] [INFO] default - ::1 GET[200][17ms] /user {}
[2022-07-06T14:36:46.841] [INFO] default - 
    db_user: postgres, 

    db_password: 123456, 

    db_port: 5433
  
[2022-07-06T14:36:47.056] [INFO] default - Listening on 3000
[2022-07-06T14:36:52.244] [INFO] default - ::1 POST[200][80ms] /user/login {"email":"1@1.com","password":"123456"}
[2022-07-06T14:36:54.937] [INFO] default - { email: '1@1.com', name: undefined }
[2022-07-06T14:36:54.949] [INFO] default - ::1 GET[200][16ms] /user {}
[2022-07-06T14:37:49.143] [INFO] default - 
    db_user: postgres, 

    db_password: 123456, 

    db_port: 5433
  
[2022-07-06T14:37:49.359] [INFO] default - Listening on 3000
[2022-07-06T14:37:50.857] [INFO] default - { email: '1@1.com', name: undefined }
[2022-07-06T14:37:50.870] [INFO] default - ::1 GET[200][19ms] /user {}
[2022-07-06T14:38:04.676] [INFO] default - 
    db_user: postgres, 

    db_password: 123456, 

    db_port: 5433
  
[2022-07-06T14:38:04.884] [INFO] default - Listening on 3000
[2022-07-06T14:38:09.414] [INFO] default - { email: '1@1.com', name: undefined }
[2022-07-06T14:38:09.428] [INFO] default - ::1 GET[200][18ms] /user {}
[2022-07-06T14:38:58.510] [INFO] default - 
    db_user: postgres, 

    db_password: 123456, 

    db_port: 5433
  
[2022-07-06T14:38:58.733] [INFO] default - Listening on 3000
[2022-07-06T14:39:08.258] [INFO] default - yuzhi
[2022-07-06T14:39:08.263] [INFO] default - ::1 POST[200][76ms] /user/login {"email":"1@1.com","password":"123456"}
[2022-07-06T14:40:30.898] [INFO] default - 
    db_user: postgres, 

    db_password: 123456, 

    db_port: 5433
  
[2022-07-06T14:40:31.134] [INFO] default - Listening on 3000
[2022-07-06T14:40:33.922] [INFO] default - yuzhi
[2022-07-06T14:40:33.928] [INFO] default - ::1 POST[200][77ms] /user/login {"email":"1@1.com","password":"123456"}
[2022-07-06T14:40:47.175] [INFO] default - { email: '1@1.com', name: undefined }
[2022-07-06T14:40:47.219] [INFO] default - ::1 GET[200][47ms] /user {}
[2022-07-06T14:41:13.653] [INFO] default - 
    db_user: postgres, 

    db_password: 123456, 

    db_port: 5433
  
[2022-07-06T14:41:13.862] [INFO] default - Listening on 3000
[2022-07-06T14:41:15.625] [INFO] default - { email: '1@1.com', name: undefined }
[2022-07-06T14:41:15.638] [INFO] default - ::1 GET[200][19ms] /user {}
[2022-07-06T14:42:46.945] [INFO] default - 
    db_user: postgres, 

    db_password: 123456, 

    db_port: 5433
  
[2022-07-06T14:42:47.166] [INFO] default - Listening on 3000
[2022-07-06T14:44:28.473] [INFO] default - 
    db_user: postgres, 

    db_password: 123456, 

    db_port: 5433
  
[2022-07-06T14:44:28.706] [INFO] default - Listening on 3000
[2022-07-06T14:44:51.876] [INFO] default - 
    db_user: postgres, 

    db_password: 123456, 

    db_port: 5433
  
[2022-07-06T14:44:52.086] [INFO] default - Listening on 3000
[2022-07-06T14:44:53.594] [INFO] default - User {
  id: 5,
  name: 'yuzhi',
  email: '1@1.com',
  password: '$2b$10$23nVFtIIysKZcQbujV7SyOabr1Ikqvja5p0kMpuuFQc27.lQ0vhAS',
  photos: undefined
}
[2022-07-06T14:44:53.603] [INFO] default - ::1 GET[200][25ms] /user {}
[2022-07-06T14:45:58.847] [INFO] default - 
    db_user: postgres, 

    db_password: 123456, 

    db_port: 5433
  
[2022-07-06T14:45:59.051] [INFO] default - Listening on 3000
[2022-07-06T14:46:02.116] [INFO] default - yuzhi
[2022-07-06T14:46:02.121] [INFO] default - ::1 POST[200][85ms] /user/login {"email":"1@1.com","password":"123456"}
[2022-07-06T14:46:05.894] [INFO] default - { email: '1@1.com', name: 'yuzhi' }
[2022-07-06T14:46:05.900] [INFO] default - ::1 GET[200][12ms] /user {}
[2022-07-06T15:10:53.994] [INFO] default - 
    db_user: postgres, 

    db_password: 123456, 

    db_port: 5433
  
[2022-07-06T15:10:54.213] [INFO] default - Listening on 3000
[2022-07-06T15:11:50.789] [INFO] default - 
    db_user: postgres, 

    db_password: 123456, 

    db_port: 5433
  
[2022-07-06T15:11:51.013] [INFO] default - Listening on 3000
[2022-07-06T15:12:02.845] [INFO] default - 
    db_user: postgres, 

    db_password: 123456, 

    db_port: 5433
  
[2022-07-06T15:12:03.062] [INFO] default - Listening on 3000
[2022-07-06T15:12:57.399] [INFO] default - 
    db_user: postgres, 

    db_password: 123456, 

    db_port: 5433
  
[2022-07-06T15:12:57.423] [INFO] default - 
    db_user: postgres, 

    db_password: 123456, 

    db_port: 5433
  
[2022-07-06T15:12:57.619] [INFO] default - Listening on 3000
[2022-07-06T15:12:59.914] [INFO] default - 
    db_user: postgres, 

    db_password: 123456, 

    db_port: 5433
  
[2022-07-06T15:12:59.944] [INFO] default - 
    db_user: postgres, 

    db_password: 123456, 

    db_port: 5433
  
[2022-07-06T15:13:00.142] [INFO] default - Listening on 3000
[2022-07-06T16:10:04.884] [INFO] default - 
    db_user: postgres, 

    db_password: 123456, 

    db_port: 5433
  
[2022-07-06T16:10:05.097] [INFO] default - Listening on 3000
[2022-07-06T16:10:22.683] [INFO] default - { email: '1@1.com', name: 'yuzhi' }
[2022-07-06T16:10:22.692] [INFO] default - ::1 GET[200][65ms] /user {}
[2022-07-06T16:31:32.871] [INFO] default - 
    db_user: postgres, 

    db_password: 123456, 

    db_port: 5433
  
[2022-07-06T16:31:33.082] [INFO] default - Listening on 3000
[2022-07-06T16:31:55.375] [INFO] default - ::1 POST[201][185ms] /user {"name":"shawn","email":"3@3.com","password":"123456"}
[2022-07-06T16:32:10.391] [INFO] default - { email: '1@1.com', name: 'yuzhi' }
[2022-07-06T16:32:10.396] [INFO] default - ::1 GET[200][56ms] /user {}
[2022-07-06T16:35:21.051] [INFO] default - 
    db_user: postgres, 

    db_password: 123456, 

    db_port: 5433
  
[2022-07-06T16:35:21.259] [INFO] default - Listening on 3000
[2022-07-06T16:35:46.700] [INFO] default - 
    db_user: postgres, 

    db_password: 123456, 

    db_port: 5433
  
[2022-07-06T16:35:46.913] [INFO] default - Listening on 3000
[2022-07-06T16:36:02.772] [INFO] default - ::1 POST[201][76ms] /user {"name":"tengyu","email":"4@4.com","password":"123456"}
[2022-07-06T16:42:47.377] [INFO] default - 
    db_user: postgres, 

    db_password: 123456, 

    db_port: 5433
  
[2022-07-06T16:42:47.582] [INFO] default - Listening on 3000
[2022-07-06T16:42:51.706] [ERROR] default - req.body is not a function
[2022-07-06T16:42:51.711] [ERROR] default - ::1 POST[400][12ms] /user {"name":"tengyu","email":"4@4.com","password":"123456"}
[2022-07-06T16:43:06.259] [INFO] default - 
    db_user: postgres, 

    db_password: 123456, 

    db_port: 5433
  
[2022-07-06T16:43:06.475] [INFO] default - Listening on 3000
[2022-07-06T16:43:09.928] [INFO] default - ::1 POST[201][86ms] /user {"name":"tengyu","email":"4@4.com","password":"123456"}
[2022-07-06T16:49:49.314] [INFO] default - 
    db_user: postgres, 

    db_password: 123456, 

    db_port: 5433
  
[2022-07-06T16:49:49.529] [INFO] default - Listening on 3000
[2022-07-06T16:50:00.462] [INFO] default - ::1 POST[201][123ms] /user {"name":"tengyu","email":"4@4.com","password":"123456"}
[2022-07-06T16:52:37.620] [INFO] default - tengyu
[2022-07-06T16:52:37.623] [INFO] default - ::1 POST[200][103ms] /user/login {"email":"4@4.com","password":"123456"}
[2022-07-06T16:52:40.272] [INFO] default - { email: '4@4.com', name: 'tengyu' }
[2022-07-06T16:52:40.278] [INFO] default - ::1 GET[200][12ms] /user {}
[2022-07-06T16:59:47.464] [INFO] default - 
    db_user: postgres, 

    db_password: 123456, 

    db_port: 5433
  
[2022-07-06T16:59:47.681] [INFO] default - Listening on 3000
[2022-07-06T17:00:30.974] [INFO] default - 
    db_user: postgres, 

    db_password: 123456, 

    db_port: 5433
  
[2022-07-06T17:00:31.202] [INFO] default - Listening on 3000
[2022-07-07T09:09:50.419] [INFO] default - 
    db_user: postgres, 

    db_password: 123456, 

    db_port: 5433
  
[2022-07-07T09:09:50.635] [INFO] default - Listening on 3000
[2022-07-07T09:10:10.167] [INFO] default - { email: '4@4.com', name: 'tengyu' }
[2022-07-07T09:10:10.176] [INFO] default - ::1 GET[200][61ms] /user {}
[2022-07-07T09:10:23.680] [INFO] default - 
    db_user: postgres, 

    db_password: 123456, 

    db_port: 5433
  
[2022-07-07T09:10:23.915] [INFO] default - Listening on 3000
[2022-07-07T09:11:55.261] [INFO] default - Listening on 3000
[2022-07-07T09:44:30.398] [INFO] default - Listening on 3000
[2022-07-07T09:46:05.666] [INFO] default - Listening on 3000
[2022-07-07T10:11:31.426] [INFO] default - Listening on 3000
[2022-07-07T10:11:58.821] [ERROR] default - duplicate key value violates unique constraint "UQ_e12875dfb3b1d92d7d7c5377e22"
[2022-07-07T10:11:58.827] [ERROR] default - ::1 POST[400][153ms] /user {"name":"webber","email":"3@3.com","password":"$2b$10$rdh2NZgV1ZeKFWfM5r.91..M9AVUgOBb/a6oQaC1Af.B2oqUc0DlK"}
[2022-07-07T10:12:14.683] [INFO] default - ::1 POST[200][99ms] /user {"name":"webber","email":"2@2.com","password":"$2b$10$nSU8HlW0EnvYUUoUh/y7D.99TcDhgOhrrV6o4pWsSIxHK7QIn4UVe"}
[2022-07-07T10:13:42.464] [INFO] default - Listening on 3000
[2022-07-07T10:13:53.910] [INFO] default - ::1 POST[200][122ms] /user {"name":"webber","email":"2@2.com","password":"$2b$10$Z1dd5goMNakzq6pI5a/0COyYTpMRZgOkOcWuiiEb28j57rYdQPSTO","id":14}
[2022-07-07T10:15:14.256] [INFO] default - Listening on 3000
[2022-07-07T10:15:19.122] [ERROR] default - duplicate key value violates unique constraint "UQ_065d4d8f3b5adb4a08841eae3c8"
[2022-07-07T10:15:19.128] [ERROR] default - ::1 POST[400][91ms] /user {"name":"webber","email":"2@2.com","password":"$2b$10$It5MX.4pFZvLHh0DgexCh.Pb4cZmrw4LZK9cM9OIhGyb/8G0rCzJC"}
[2022-07-07T10:15:26.762] [INFO] default - ::1 POST[200][62ms] /user {"name":"webber","email":"2@2.com","password":"$2b$10$dfgk3q93JQ6YzkQ0.DFX/udKAHM74wNoYsKvyAwMKbgjhU48.l6bq","id":16}
[2022-07-07T10:19:44.877] [INFO] default - Listening on 3000
[2022-07-07T10:19:50.951] [ERROR] default - invalid input syntax for type integer: "4@4.com"
[2022-07-07T10:19:50.957] [ERROR] default - ::1 POST[400][33ms] /user/login {"email":"4@4.com","password":"123456"}
[2022-07-07T10:20:20.411] [INFO] default - Listening on 3000
[2022-07-07T10:20:22.456] [INFO] default - tengyu
[2022-07-07T10:20:22.461] [INFO] default - ::1 POST[200][78ms] /user/login {"email":"4@4.com","password":"123456"}
[2022-07-07T10:20:52.461] [INFO] default - Listening on 3000
[2022-07-07T10:20:54.973] [INFO] default - tengyu
[2022-07-07T10:20:54.978] [INFO] default - ::1 POST[200][78ms] /user/login {"email":"4@4.com","password":"123456"}
[2022-07-07T10:21:52.828] [INFO] default - Listening on 3000
[2022-07-07T10:21:56.328] [INFO] default - ::1 POST[200][76ms] /user/login {"email":"4@4.com","password":"1234156"}
[2022-07-07T10:22:08.558] [INFO] default - Listening on 3000
[2022-07-07T10:22:10.884] [ERROR] default - ::1 POST[400][82ms] /user/login {"email":"4@4.com","password":"1234156"}
[2022-07-07T10:22:21.599] [INFO] default - Listening on 3000
[2022-07-07T10:22:33.571] [INFO] default - ::1 POST[200][120ms] /user/login {"email":"4@4.com","password":"1234156"}
[2022-07-07T10:22:42.760] [INFO] default - Listening on 3000
[2022-07-07T10:23:15.237] [INFO] default - tengyu
[2022-07-07T10:23:15.242] [INFO] default - ::1 POST[200][117ms] /user/login {"email":"4@4.com","password":"123456"}
[2022-07-07T10:24:15.342] [INFO] default - Listening on 3000
[2022-07-07T10:24:17.475] [INFO] default - ::1 POST[200][77ms] /user/login {"email":"4@4.com","password":"123456"}
[2022-07-07T10:24:20.934] [INFO] default - ::1 POST[200][66ms] /user/login {"email":"4@4.com","password":"123456"}
[2022-07-07T10:24:29.447] [INFO] default - ::1 POST[200][59ms] /user/login {"email":"4@4.com","password":"123456"}
[2022-07-07T10:24:36.114] [INFO] default - ::1 POST[200][59ms] /user/login {"email":"1@1.com","password":"123456"}
[2022-07-07T10:24:53.712] [INFO] default - Listening on 3000
[2022-07-07T10:24:55.751] [INFO] default - ::1 POST[200][78ms] /user/login {"email":"1@1.com","password":"123456"}
[2022-07-07T10:28:51.063] [INFO] default - Listening on 3000
[2022-07-07T10:29:10.383] [INFO] default - Listening on 3000
[2022-07-07T10:30:29.828] [INFO] default - { email: '1@1.com', name: 'yuzhi' }
[2022-07-07T10:30:29.839] [INFO] default - ::1 GET[200][69ms] /user {}
[2022-07-07T10:30:46.134] [INFO] default - { email: '1@1.com', name: 'yuzhi' }
[2022-07-07T10:30:46.140] [INFO] default - ::1 GET[200][52ms] /user {}
[2022-07-07T10:30:52.397] [INFO] default - ::1 POST[200][70ms] /user/login {"email":"1@1.com","password":"123456"}
[2022-07-07T10:30:55.369] [INFO] default - { email: '1@1.com', name: 'yuzhi' }
[2022-07-07T10:30:55.375] [INFO] default - ::1 GET[200][24ms] /user {}
[2022-07-07T10:31:17.308] [INFO] default - Listening on 3000
[2022-07-07T10:31:19.316] [INFO] default - user: [object Object]
[2022-07-07T10:31:19.326] [INFO] default - ::1 GET[200][24ms] /user {}
[2022-07-07T10:31:33.332] [INFO] default - user: [object Object]
[2022-07-07T10:31:33.337] [INFO] default - ::1 GET[200][52ms] /user {}
[2022-07-07T10:32:05.222] [INFO] default - Listening on 3000
[2022-07-07T10:32:07.241] [INFO] default - ==========================================
[2022-07-07T10:32:07.242] [INFO] default - user: [object Object]
[2022-07-07T10:32:07.250] [INFO] default - ::1 GET[200][23ms] /user {}
[2022-07-07T10:36:49.671] [INFO] default - Listening on 3000
[2022-07-07T10:36:51.709] [INFO] default - ==========================================
[2022-07-07T10:36:51.710] [INFO] default - user: [object Object]
[2022-07-07T10:36:51.720] [INFO] default - ::1 GET[200][30ms] /user {}
[2022-07-07T11:10:08.041] [INFO] default - Listening on 3000
[2022-07-07T11:10:21.029] [INFO] default - ::1 POST[200][115ms] /user/login {"email":"1@1.com","password":"123456"}
[2022-07-07T11:10:33.735] [INFO] default - Listening on 3000
[2022-07-07T11:10:35.376] [INFO] default - ::1 POST[200][83ms] /user/login {"email":"1@1.com","password":"123456"}
[2022-07-07T11:12:09.015] [INFO] default - Listening on 3000
[2022-07-07T11:12:11.264] [INFO] default - ::1 POST[200][76ms] /user/login {"email":"1@1.com","password":"123456"}
[2022-07-07T11:12:16.999] [INFO] default - ::1 GET[200][11ms] /user {}
[2022-07-07T11:12:26.068] [INFO] default - Listening on 3000
[2022-07-07T13:45:36.846] [ERROR] default - ::1 POST[404][71ms] /api/purchase_module/downloadPurchaseItemInfo {"download_mode":"02","purchase_id":168,"roq_result_type":"04","gid":"LA"}
[2022-07-08T09:31:41.947] [INFO] default - Listening on 4000
[2022-07-08T09:32:38.532] [ERROR] default - ::1 POST[500][190ms] /user {"name":"n7","email":"5@5.com","password":"$2b$10$nW7Jz2XQq5QkcIS2f8eno.f69mrwybZu12SfEklR0fUUhfKetztQe"}
[2022-07-08T09:33:04.467] [INFO] default - Listening on 4000
[2022-07-08T09:33:23.504] [ERROR] default - ::1 POST[500][153ms] /user {"name":"n7","email":"5@5.com","password":"$2b$10$nfXyGxMsaJYOig.Itm8MDOxr.PHXU.iwgwms0iBuv8YlHCdMyndXm"}
[2022-07-08T09:33:55.511] [INFO] default - Listening on 4000
[2022-07-08T09:41:54.639] [ERROR] default - ::1 POST[500][204ms] /user {"name":"n7","email":"5@5.com","password":"$2b$10$rz51/AvCoH2WHm1flnDTiuJY4y9GgGvun1FX.K6/uGxCqNA9xhVAC"}
[2022-07-08T09:43:25.624] [INFO] default - Listening on 4000
[2022-07-08T09:43:33.538] [ERROR] default - ::1 POST[500][126ms] /user {"name":"n7","email":"5@5.com","password":"$2b$10$y/QpvfDif7fp39L2GET3cuxQXdtC7NUJjsy8pW4QX5SiOyHynM2F6"}
[2022-07-08T09:43:55.286] [INFO] default - Listening on 4000
[2022-07-08T09:43:58.144] [ERROR] default - ::1 POST[500][123ms] /user {"name":"n7","email":"5@5.com","password":"$2b$10$jYMCTXIlcEGWRj0uZ5vFZO4zEqUA7h45B8TebeH67f5lVJty685TS"}
[2022-07-08T09:44:31.774] [INFO] default - Listening on 4000
[2022-07-08T09:44:37.604] [ERROR] default - ::1 POST[500][145ms] /user {"name":"n7","email":"5@5.com","password":"$2b$10$TANvGb3UTtDBivLn1efAjuhiyFG612LoedsmSEotVWBtHJfI/uu02"}
[2022-07-08T09:45:25.541] [INFO] default - Listening on 4000
[2022-07-08T09:45:30.355] [ERROR] default - ::1 POST[500][124ms] /user {"name":"n7","email":"5@5.com","password":"$2b$10$PptM9Dy6bYPqIC375VmVne5Qih4rbo.ENK21mBj/TpkJrdSVgsjdC"}
[2022-07-08T09:46:02.105] [INFO] default - Listening on 4000
[2022-07-08T09:46:07.818] [ERROR] default - ::1 POST[500][124ms] /user {"name":"n7","email":"5@5.com","password":"$2b$10$qomc5oIZ9JU3ijeYujVqbuz4RXRtwMJTbQ4S9QooJNm5jLdKkvXti"}
[2022-07-08T09:58:34.270] [INFO] default - Listening on 4000
[2022-07-08T09:58:39.701] [ERROR] default - ::1 POST[500][125ms] /user {"name":"n7","email":"5@5.com","password":"$2b$10$dotwTThVIawxiWTSW0gz9OoFFLfTdnwARd85bKGx/xXhnkTFKsEeW"}
[2022-07-08T10:00:04.810] [INFO] default - Listening on 4000
[2022-07-08T10:00:18.991] [INFO] default - ::1 POST[200][127ms] /user {"name":"n7","email":"5@5.com","password":"$2b$10$xOcFcAJxA4CFgkR1wwz4vuWKIjzubAgFmi883i8Dfea5TsecCk5B."}
[2022-07-08T10:01:13.039] [INFO] default - Listening on 4000
[2022-07-08T10:01:26.754] [INFO] default - Listening on 4000
[2022-07-08T10:02:30.464] [INFO] default - Listening on 4000
[2022-07-08T10:06:36.930] [INFO] default - Listening on 4000
[2022-07-08T10:06:51.168] [ERROR] default - ::1 GET[500][10887ms] /user {}
[2022-07-08T10:11:16.219] [INFO] default - Listening on 4000
[2022-07-08T10:11:19.177] [INFO] default - ::1 GET[200][22ms] /user {}
[2022-07-08T10:11:41.521] [INFO] default - Listening on 4000
[2022-07-08T10:11:50.296] [ERROR] default - ::1 GET[500][71ms] /user {}
[2022-07-08T10:11:57.175] [INFO] default - Listening on 4000
[2022-07-08T10:14:55.900] [INFO] default - Listening on 4000
[2022-07-08T10:16:38.762] [ERROR] default - insert or update on table "photo" violates foreign key constraint "FK_c8c60110b38af9f778106552c39"
[2022-07-08T10:16:38.767] [ERROR] default - ::1 POST[400][110ms] /photo/1 {"url":"1.jpg"}
[2022-07-08T10:17:04.094] [INFO] default - ::1 POST[201][38ms] /photo/5 {"url":"1.jpg"}
[2022-07-08T10:17:07.779] [INFO] default - ::1 POST[201][15ms] /photo/5 {"url":"2.jpg"}
[2022-07-08T10:17:10.547] [INFO] default - ::1 POST[201][11ms] /photo/5 {"url":"3.jpg"}
[2022-07-08T10:21:01.035] [INFO] default - Listening on 4000
[2022-07-08T10:21:19.111] [ERROR] default - ::1 GET[500][88ms] /user/photo/1 {}
[2022-07-08T10:21:36.419] [INFO] default - Listening on 4000
[2022-07-08T10:21:46.118] [ERROR] default - ::1 GET[500][66ms] /user/photo/1 {}
[2022-07-08T10:22:45.812] [INFO] default - Listening on 4000
[2022-07-08T10:22:48.011] [INFO] default - ::1 GET[200][16ms] /user/photo/1 {}
[2022-07-08T10:28:48.330] [INFO] default - Listening on 4000
[2022-07-08T10:28:54.770] [INFO] default - ::1 GET[200][22ms] /user {}
[2022-07-08T10:29:03.722] [INFO] default - ::1 GET[200][9ms] /user/photo/5 {}
[2022-07-08T10:29:18.040] [ERROR] default - ::1 POST[500][119ms] /user/login {"email":"1@1.com","password":"123456"}
[2022-07-08T10:29:50.899] [INFO] default - Listening on 4000
[2022-07-08T10:29:53.434] [ERROR] default - ::1 POST[500][36ms] /user/login {"email":"1@1.com","password":"123456"}
[2022-07-08T10:30:32.244] [ERROR] default - ::1 POST[500][41ms] /user/login {"email":"1@1.com","password":"123456"}
[2022-07-08T10:30:46.592] [INFO] default - Listening on 4000
[2022-07-08T10:30:48.596] [ERROR] default - ::1 POST[500][35ms] /user/login {"email":"1@1.com","password":"123456"}
[2022-07-08T10:31:41.242] [ERROR] default - ::1 POST[500][46ms] /user/login {"email":"1@1.com","password":"123456"}
[2022-07-08T10:31:56.915] [INFO] default - Listening on 4000
[2022-07-08T10:32:01.031] [ERROR] default - ::1 POST[500][76ms] /user/login {"email":"1@1.com","password":"123456"}
[2022-07-08T10:32:35.012] [INFO] default - Listening on 4000
[2022-07-08T10:32:48.013] [ERROR] default - ::1 POST[500][69ms] /user/login {"email":"1@1.com","password":"123456"}
[2022-07-08T10:34:11.693] [INFO] default - Listening on 4000
[2022-07-08T10:34:14.985] [ERROR] default - ::1 POST[500][36ms] /user/login {"email":"1@1.com","password":"123456"}
[2022-07-08T10:34:34.006] [INFO] default - Listening on 4000
[2022-07-08T10:34:37.742] [ERROR] default - ::1 POST[500][37ms] /user/login {"email":"1@1.com","password":"123456"}
[2022-07-08T10:34:55.657] [INFO] default - Listening on 4000
[2022-07-08T10:34:58.477] [INFO] default - ::1 POST[200][82ms] /user/login {"email":"1@1.com","password":"123456"}
[2022-07-08T10:39:55.475] [INFO] default - Listening on 4000
[2022-07-08T11:27:00.740] [INFO] default - Listening on 4000
[2022-07-08T11:27:12.264] [INFO] default - ::1 GET[200][57ms] /user {}
[2022-07-08T11:27:28.095] [INFO] default - ::1 POST[200][127ms] /user {"name":"cigar","email":"6@6.com","password":"$2b$10$5YQI57YYJrRuYPISYy3CwOE.gt072WQ0cbNfr1OlZmtnUu2wFBdra"}
[2022-07-08T11:27:32.252] [ERROR] default - ::1 POST[500][22ms] /user/login {"email":"1@1.com","password":"123456"}
[2022-07-08T11:28:14.971] [INFO] default - Listening on 4000
[2022-07-08T11:28:25.413] [INFO] default - Listening on 4000
[2022-07-08T11:28:28.703] [INFO] default - ::1 POST[200][83ms] /user/login {"email":"1@1.com","password":"123456"}
[2022-07-08T11:34:53.608] [INFO] default - Listening on 4000
[2022-07-08T11:35:59.665] [ERROR] default - ::1 POST[404][28ms] /profile {"eid":5,"height":167,"weight":55}
[2022-07-08T11:36:59.120] [INFO] default - Listening on 4000
[2022-07-08T11:37:01.186] [ERROR] default - insert or update on table "profile" violates foreign key constraint "FK_df3e2b37b308f16f24c7c7defc8"
[2022-07-08T11:37:01.191] [ERROR] default - ::1 POST[400][48ms] /profile {"eid":5,"height":167,"weight":55}
[2022-07-08T11:55:28.276] [INFO] default - Listening on 4000
[2022-07-08T11:55:33.457] [ERROR] default - ::1 POST[400][22ms] /user {"name":"yuzhi","email":"1@1.com","password":"123456","managerId":2}
[2022-07-08T11:55:43.686] [INFO] default - ::1 POST[200][100ms] /user {"name":"yuzhi","email":"1@1.com","password":"$2b$10$yUIg/bROe1pCrE5cvOsjbuvnfe3BMwa6SM3d5HL3THw5xv8JDJqZm"}
[2022-07-08T11:55:56.579] [ERROR] default - ::1 POST[400][3ms] /user {"name":"shawn","email":"2@2.com","password":"123456","managerId":1}
[2022-07-08T11:56:43.977] [INFO] default - Listening on 4000
[2022-07-08T11:56:59.596] [INFO] default - ::1 POST[200][122ms] /user {"name":"shawn","email":"2@2.com","password":"$2b$10$wa6VNtygi4yQ5aEt5FgoWONDMStu3Hyye3MElUvhlSgYyN1/VHigW","managerId":3}
[2022-07-08T11:57:39.113] [INFO] default - Listening on 4000
[2022-07-08T11:58:46.905] [INFO] default - Listening on 4000
[2022-07-08T11:59:20.571] [INFO] default - Listening on 4000
[2022-07-08T12:00:07.448] [INFO] default - Listening on 4000
[2022-07-08T12:00:32.884] [INFO] default - Listening on 4000
[2022-07-08T12:01:20.425] [INFO] default - Listening on 4000
[2022-07-08T12:02:07.524] [ERROR] default - ::1 POST[500][176ms] /user {"name":"shawn","email":"2@2.com","password":"$2b$10$NXbcrkBgnfF1ciOJKxpwveL68g5D82I393OdaICRjh2C0VIHFjQNy","managerId":3}
[2022-07-08T12:02:34.036] [INFO] default - Listening on 4000
[2022-07-08T12:02:37.467] [INFO] default - Listening on 4000
[2022-07-08T12:02:41.289] [ERROR] default - ::1 POST[500][136ms] /user {"name":"shawn","email":"2@2.com","password":"$2b$10$Pjk2.thti8Qvu1Fk65knAObpUbu35aJg4MaON5GV1sE78W9CjX6qS","managerId":3}
[2022-07-08T12:02:51.627] [INFO] default - Listening on 4000
[2022-07-08T12:02:53.378] [ERROR] default - ::1 POST[500][135ms] /user {"name":"shawn","email":"2@2.com","password":"$2b$10$A5Xs0wLF.Xa4E.SA.lgaeuk69vD733Q9lAUq.MYdisAee1XHaJstO","managerId":3}
[2022-07-08T12:05:48.548] [INFO] default - Listening on 4000
[2022-07-08T12:05:50.534] [ERROR] default - ::1 POST[500][130ms] /user {"name":"shawn","email":"2@2.com","password":"$2b$10$Sz95WrvbtmIIz0WAX8S.Fe8fumd.3Nvoz6.y6sWjDqQ3UE6GTzP/u","managerId":3}
[2022-07-08T12:06:15.297] [ERROR] default - ::1 POST[400][4ms] /user {"name":"shawn","email":"2@2.com","password":"123456","manager":3}
[2022-07-08T12:07:19.088] [INFO] default - Listening on 4000
[2022-07-08T12:07:20.804] [ERROR] default - ::1 POST[400][24ms] /user {"name":"shawn","email":"2@2.com","password":"123456","manager":3}
[2022-07-08T12:07:42.063] [INFO] default - Listening on 4000
[2022-07-08T12:07:51.113] [INFO] default - Listening on 4000
[2022-07-08T12:07:55.277] [ERROR] default - ::1 POST[400][26ms] /user {"name":"shawn","email":"2@2.com","password":"123456","manager":3}
[2022-07-08T12:08:01.979] [ERROR] default - ::1 POST[400][3ms] /user {"name":"shawn","email":"2@2.com","password":"123456","manager":3}
[2022-07-08T12:08:21.253] [INFO] default - Listening on 4000
[2022-07-08T12:08:23.461] [ERROR] default - ::1 POST[500][136ms] /user {"name":"shawn","email":"2@2.com","password":"$2b$10$QyWkgGKVA8h7iUHLqflwn.UoogXuA3luGgb0k4DpZXytxVr7Sv7se","manager":3}
[2022-07-08T12:08:49.409] [INFO] default - Listening on 4000
[2022-07-08T12:09:13.606] [INFO] default - Listening on 4000
[2022-07-08T12:09:15.196] [INFO] default - ::1 POST[200][81ms] /user {"name":"shawn","email":"2@2.com","password":"$2b$10$KvrVVR.8Zt2ll3jGC3h1teut0Uu/tXCaoSiZCcPTvn0Cp.kwuKJB6","manager":3}
[2022-07-08T12:09:32.260] [ERROR] default - ::1 POST[500][138ms] /user {"name":"shawn","email":"2@2.com","password":"$2b$10$qSjJsXMtipCa05DZU3TnKeIb1zTNi5kABlEZFcQLd9P/D5E8UnzYK","manager":3}
[2022-07-08T12:09:40.861] [INFO] default - ::1 POST[200][68ms] /user {"name":"shawn","email":"2@2.com","password":"$2b$10$4PYRN..Ud9.6J75uXcTjq.i2CoNKgaUdUuAudGbwYLPugPLTfhUJ6","manager":1}
[2022-07-08T13:06:16.920] [INFO] default - Listening on 4000
[2022-07-08T13:06:42.835] [INFO] default - Listening on 4000
[2022-07-08T13:06:54.927] [INFO] default - Listening on 4000
[2022-07-08T13:18:20.202] [INFO] default - Listening on 4000
[2022-07-08T13:19:41.217] [INFO] default - Listening on 4000
[2022-07-08T13:22:54.858] [INFO] default - Listening on 4000
[2022-07-08T13:23:00.962] [ERROR] default - ::1 POST[500][128ms] /user {"name":"shawn","email":"2@2.com","password":"$2b$10$KQi58cEJFAHXP5eHLnESPO6BBj3FAgnDUvZHwiXBA/7G7s3P9DcCi","manager":1}
[2022-07-08T13:23:18.595] [ERROR] default - null value in column "uid" of relation "profile" violates not-null constraint
[2022-07-08T13:23:18.598] [ERROR] default - ::1 POST[400][39ms] /profile {"eid":5,"height":167,"weight":55}
[2022-07-08T13:24:16.177] [INFO] default - Listening on 4000
[2022-07-08T13:24:18.357] [INFO] default - ::1 POST[201][43ms] /profile {"uid":5,"height":167,"weight":55}
[2022-07-08T13:25:13.965] [ERROR] default - column "id" does not exist
[2022-07-08T13:25:13.966] [ERROR] default - ::1 GET[400][57ms] /profile/5 {}
[2022-07-08T13:25:31.175] [INFO] default - Listening on 4000
[2022-07-08T13:25:33.113] [INFO] default - ::1 GET[200][10ms] /profile/5 {}
[2022-07-08T13:26:12.018] [INFO] default - Listening on 4000
[2022-07-08T13:26:13.972] [INFO] default - ::1 GET[200][13ms] /profile/5 {}
[2022-07-08T13:27:02.099] [INFO] default - Listening on 4000
[2022-07-08T13:27:03.877] [INFO] default - ::1 GET[200][13ms] /profile/5 {}
[2022-07-08T13:27:18.218] [INFO] default - Listening on 4000
[2022-07-08T13:27:34.717] [INFO] default - Listening on 4000
[2022-07-08T13:27:40.472] [INFO] default - ::1 GET[200][11ms] /profile/5 {}
[2022-07-08T13:31:40.562] [INFO] default - Listening on 4000
[2022-07-08T13:32:20.596] [ERROR] default - ::1 PUT[404][23ms] /profile/5 {"height":166,"weight":55}
[2022-07-08T13:33:10.805] [INFO] default - ::1 PUT[201][45ms] /profile {"uid":5,"height":166,"weight":55}
[2022-07-08T13:36:49.770] [INFO] default - Listening on 4000
[2022-07-08T13:37:51.939] [INFO] default - Listening on 4000
[2022-07-08T13:40:59.058] [INFO] default - Listening on 4000
[2022-07-08T13:41:09.657] [INFO] default - Listening on 4000
[2022-07-08T13:41:39.500] [INFO] default - ::1 PUT[201][71ms] /profile {"uid":5,"height":172,"weight":65}
[2022-07-08T13:42:13.173] [INFO] default - Listening on 4000
[2022-07-08T13:42:25.319] [INFO] default - ::1 GET[200][40ms] /profile/5 {}
[2022-07-08T13:42:42.738] [INFO] default - ::1 POST[201][64ms] /profile {"uid":1,"height":167,"weight":55}
[2022-07-08T13:43:54.554] [INFO] default - Listening on 4000
[2022-07-08T13:43:58.108] [INFO] default - Listening on 4000
[2022-07-08T14:14:02.984] [INFO] default - Listening on 4000
[2022-07-08T14:14:30.863] [INFO] default - Listening on 4000
[2022-07-08T14:15:02.477] [ERROR] default - ::1 POST[404][32ms] /project {"name":"rd1","member":[1,5]}
[2022-07-08T14:15:36.045] [INFO] default - Listening on 4000
[2022-07-08T14:15:39.223] [INFO] default - ::1 POST[201][24ms] /project {"name":"rd1","member":[1,5]}
[2022-07-08T14:17:33.626] [INFO] default - Listening on 4000
[2022-07-08T14:17:35.951] [INFO] default - ::1 POST[201][38ms] /project {"name":"rd1","member":[1,5]}
[2022-07-08T14:18:10.484] [INFO] default - Listening on 4000
[2022-07-08T14:18:12.475] [INFO] default - ::1 POST[201][23ms] /project {"name":"rd1","member":[1,5]}
[2022-07-08T14:18:55.035] [INFO] default - Listening on 4000
[2022-07-08T14:19:01.470] [INFO] default - ::1 POST[201][27ms] /project {"name":"rd1","member":[1,5]}
[2022-07-08T14:20:00.252] [INFO] default - Listening on 4000
[2022-07-08T14:20:09.521] [INFO] default - ::1 POST[201][26ms] /project {"name":"rd1","member":[1,5]}
[2022-07-08T14:21:36.334] [INFO] default - Listening on 4000
[2022-07-08T14:21:48.096] [INFO] default - ::1 POST[201][22ms] /project {"name":"rd1","member":[1,5]}
[2022-07-08T14:22:22.437] [INFO] default - Listening on 4000
[2022-07-08T14:22:35.684] [INFO] default - ::1 POST[201][24ms] /project {"name":"rd1","member":[1,5]}
[2022-07-08T14:23:20.650] [INFO] default - Listening on 4000
[2022-07-08T14:23:34.176] [INFO] default - ::1 POST[201][27ms] /project {"name":"rd1","member":[1,5]}
[2022-07-08T14:24:00.969] [INFO] default - Listening on 4000
[2022-07-08T14:24:15.098] [INFO] default - ::1 POST[201][32ms] /project {"name":"rd1","member":[1,5]}
[2022-07-08T14:24:27.819] [INFO] default - ::1 POST[201][4ms] /project {"name":"rd1","member":[1,5]}
[2022-07-08T14:27:32.375] [INFO] default - Listening on 4000
[2022-07-08T14:27:36.249] [INFO] default - ::1 POST[201][29ms] /project {"name":"rd1","member":[1,5]}
[2022-07-08T14:27:50.991] [INFO] default - Listening on 4000
[2022-07-08T14:27:53.572] [INFO] default - ::1 POST[201][22ms] /project {"name":"rd1","member":[1,5]}
[2022-07-08T14:31:00.520] [INFO] default - Listening on 4000
[2022-07-08T14:31:20.114] [INFO] default - Listening on 4000
[2022-07-08T14:31:26.411] [INFO] default - ::1 POST[201][27ms] /project {"name":"rd2","member":[1,5]}
[2022-07-08T14:31:39.796] [INFO] default - Listening on 4000
[2022-07-08T14:32:15.430] [INFO] default - Listening on 4000
[2022-07-08T14:32:20.446] [INFO] default - Listening on 4000
[2022-07-08T14:32:23.867] [INFO] default - ::1 POST[201][29ms] /project {"name":"rd2","member":[1,5]}
[2022-07-08T14:35:06.341] [INFO] default - Listening on 4000
[2022-07-08T14:54:10.607] [INFO] default - Listening on 4000
[2022-07-08T14:54:13.786] [INFO] default - ::1 GET[200][13ms] /project/emp/4 {}
[2022-07-08T14:55:14.582] [INFO] default - ::1 GET[200][40ms] /project/emp/14 {}
[2022-07-08T14:57:42.224] [INFO] default - Listening on 4000
[2022-07-08T14:58:00.365] [ERROR] default - QueryFailedError: relation "projectmember" does not exist
    at QueryFailedError.TypeORMError [as constructor] (/home/yuzhi/backend_training/homework/typeorm/src/error/TypeORMError.ts:7:9)
    at new QueryFailedError (/home/yuzhi/backend_training/homework/typeorm/src/error/QueryFailedError.ts:9:9)
    at PostgresQueryRunner.<anonymous> (/home/yuzhi/backend_training/homework/typeorm/src/driver/postgres/PostgresQueryRunner.ts:263:19)
    at step (/home/yuzhi/backend_training/homework/typeorm/node_modules/typeorm/node_modules/tslib/tslib.js:144:27)
    at Object.throw (/home/yuzhi/backend_training/homework/typeorm/node_modules/typeorm/node_modules/tslib/tslib.js:125:57)
    at rejected (/home/yuzhi/backend_training/homework/typeorm/node_modules/typeorm/node_modules/tslib/tslib.js:116:69)
    at processTicksAndRejections (internal/process/task_queues.js:97:5) {
  query: '\n' +
    '    select *\n' +
    '    from "user" u left join projectMember pm on u.id = pm."user"\n' +
    '    where id = 1\n' +
    '  ',
  parameters: undefined,
  driverError: error: relation "projectmember" does not exist
      at Parser.parseErrorMessage (/home/yuzhi/backend_training/homework/typeorm/node_modules/pg-protocol/src/parser.ts:369:69)
      at Parser.handlePacket (/home/yuzhi/backend_training/homework/typeorm/node_modules/pg-protocol/src/parser.ts:188:21)
      at Parser.parse (/home/yuzhi/backend_training/homework/typeorm/node_modules/pg-protocol/src/parser.ts:103:30)
      at Socket.<anonymous> (/home/yuzhi/backend_training/homework/typeorm/node_modules/pg-protocol/src/index.ts:7:48)
      at Socket.emit (events.js:314:20)
      at addChunk (_stream_readable.js:297:12)
      at readableAddChunk (_stream_readable.js:272:9)
      at Socket.Readable.push (_stream_readable.js:213:10)
      at TCP.onStreamRead (internal/stream_base_commons.js:188:23)
      at TCP.callbackTrampoline (internal/async_hooks.js:126:14) {
    length: 112,
    severity: 'ERROR',
    code: '42P01',
    detail: undefined,
    hint: undefined,
    position: '43',
    internalPosition: undefined,
    internalQuery: undefined,
    where: undefined,
    schema: undefined,
    table: undefined,
    column: undefined,
    dataType: undefined,
    constraint: undefined,
    file: 'parse_relation.c',
    line: '1381',
    routine: 'parserOpenTable'
  },
  length: 112,
  severity: 'ERROR',
  code: '42P01',
  detail: undefined,
  hint: undefined,
  position: '43',
  internalPosition: undefined,
  internalQuery: undefined,
  where: undefined,
  schema: undefined,
  table: undefined,
  column: undefined,
  dataType: undefined,
  constraint: undefined,
  file: 'parse_relation.c',
  line: '1381',
  routine: 'parserOpenTable'
}
[2022-07-08T14:58:00.398] [ERROR] default - ::1 GET[400][89ms] /user/project/1 {}
[2022-07-08T14:58:23.040] [INFO] default - Listening on 4000
[2022-07-08T14:58:37.624] [ERROR] default - QueryFailedError: relation "projectmember" does not exist
    at QueryFailedError.TypeORMError [as constructor] (/home/yuzhi/backend_training/homework/typeorm/src/error/TypeORMError.ts:7:9)
    at new QueryFailedError (/home/yuzhi/backend_training/homework/typeorm/src/error/QueryFailedError.ts:9:9)
    at PostgresQueryRunner.<anonymous> (/home/yuzhi/backend_training/homework/typeorm/src/driver/postgres/PostgresQueryRunner.ts:263:19)
    at step (/home/yuzhi/backend_training/homework/typeorm/node_modules/typeorm/node_modules/tslib/tslib.js:144:27)
    at Object.throw (/home/yuzhi/backend_training/homework/typeorm/node_modules/typeorm/node_modules/tslib/tslib.js:125:57)
    at rejected (/home/yuzhi/backend_training/homework/typeorm/node_modules/typeorm/node_modules/tslib/tslib.js:116:69)
    at processTicksAndRejections (internal/process/task_queues.js:97:5) {
  query: '\n' +
    '    select *\n' +
    '    from "user" u left join projectMember pm on u.id = pm."user"\n' +
    '    where id = 1\n' +
    '  ',
  parameters: undefined,
  driverError: error: relation "projectmember" does not exist
      at Parser.parseErrorMessage (/home/yuzhi/backend_training/homework/typeorm/node_modules/pg-protocol/src/parser.ts:369:69)
      at Parser.handlePacket (/home/yuzhi/backend_training/homework/typeorm/node_modules/pg-protocol/src/parser.ts:188:21)
      at Parser.parse (/home/yuzhi/backend_training/homework/typeorm/node_modules/pg-protocol/src/parser.ts:103:30)
      at Socket.<anonymous> (/home/yuzhi/backend_training/homework/typeorm/node_modules/pg-protocol/src/index.ts:7:48)
      at Socket.emit (events.js:314:20)
      at addChunk (_stream_readable.js:297:12)
      at readableAddChunk (_stream_readable.js:272:9)
      at Socket.Readable.push (_stream_readable.js:213:10)
      at TCP.onStreamRead (internal/stream_base_commons.js:188:23)
      at TCP.callbackTrampoline (internal/async_hooks.js:126:14) {
    length: 112,
    severity: 'ERROR',
    code: '42P01',
    detail: undefined,
    hint: undefined,
    position: '43',
    internalPosition: undefined,
    internalQuery: undefined,
    where: undefined,
    schema: undefined,
    table: undefined,
    column: undefined,
    dataType: undefined,
    constraint: undefined,
    file: 'parse_relation.c',
    line: '1381',
    routine: 'parserOpenTable'
  },
  length: 112,
  severity: 'ERROR',
  code: '42P01',
  detail: undefined,
  hint: undefined,
  position: '43',
  internalPosition: undefined,
  internalQuery: undefined,
  where: undefined,
  schema: undefined,
  table: undefined,
  column: undefined,
  dataType: undefined,
  constraint: undefined,
  file: 'parse_relation.c',
  line: '1381',
  routine: 'parserOpenTable'
}
[2022-07-08T14:58:37.671] [ERROR] default - ::1 GET[400][100ms] /user/project/1 {}
[2022-07-08T14:58:57.119] [INFO] default - Listening on 4000
[2022-07-08T14:59:05.406] [ERROR] default - QueryFailedError: relation "projectmember" does not exist
    at QueryFailedError.TypeORMError [as constructor] (/home/yuzhi/backend_training/homework/typeorm/src/error/TypeORMError.ts:7:9)
    at new QueryFailedError (/home/yuzhi/backend_training/homework/typeorm/src/error/QueryFailedError.ts:9:9)
    at PostgresQueryRunner.<anonymous> (/home/yuzhi/backend_training/homework/typeorm/src/driver/postgres/PostgresQueryRunner.ts:263:19)
    at step (/home/yuzhi/backend_training/homework/typeorm/node_modules/typeorm/node_modules/tslib/tslib.js:144:27)
    at Object.throw (/home/yuzhi/backend_training/homework/typeorm/node_modules/typeorm/node_modules/tslib/tslib.js:125:57)
    at rejected (/home/yuzhi/backend_training/homework/typeorm/node_modules/typeorm/node_modules/tslib/tslib.js:116:69)
    at processTicksAndRejections (internal/process/task_queues.js:97:5) {
  query: '\n' +
    '    select *\n' +
    '    from "user" u left join projectMember pm on u.id = pm."user"\n' +
    '    where id = 1\n' +
    '  ',
  parameters: undefined,
  driverError: error: relation "projectmember" does not exist
      at Parser.parseErrorMessage (/home/yuzhi/backend_training/homework/typeorm/node_modules/pg-protocol/src/parser.ts:369:69)
      at Parser.handlePacket (/home/yuzhi/backend_training/homework/typeorm/node_modules/pg-protocol/src/parser.ts:188:21)
      at Parser.parse (/home/yuzhi/backend_training/homework/typeorm/node_modules/pg-protocol/src/parser.ts:103:30)
      at Socket.<anonymous> (/home/yuzhi/backend_training/homework/typeorm/node_modules/pg-protocol/src/index.ts:7:48)
      at Socket.emit (events.js:314:20)
      at addChunk (_stream_readable.js:297:12)
      at readableAddChunk (_stream_readable.js:272:9)
      at Socket.Readable.push (_stream_readable.js:213:10)
      at TCP.onStreamRead (internal/stream_base_commons.js:188:23)
      at TCP.callbackTrampoline (internal/async_hooks.js:126:14) {
    length: 112,
    severity: 'ERROR',
    code: '42P01',
    detail: undefined,
    hint: undefined,
    position: '43',
    internalPosition: undefined,
    internalQuery: undefined,
    where: undefined,
    schema: undefined,
    table: undefined,
    column: undefined,
    dataType: undefined,
    constraint: undefined,
    file: 'parse_relation.c',
    line: '1381',
    routine: 'parserOpenTable'
  },
  length: 112,
  severity: 'ERROR',
  code: '42P01',
  detail: undefined,
  hint: undefined,
  position: '43',
  internalPosition: undefined,
  internalQuery: undefined,
  where: undefined,
  schema: undefined,
  table: undefined,
  column: undefined,
  dataType: undefined,
  constraint: undefined,
  file: 'parse_relation.c',
  line: '1381',
  routine: 'parserOpenTable'
}
[2022-07-08T14:59:05.448] [ERROR] default - ::1 GET[400][66ms] /user/project/1 {}
[2022-07-08T15:00:23.693] [INFO] default - Listening on 4000
[2022-07-08T15:01:00.719] [INFO] default - Listening on 4000
[2022-07-08T15:01:02.670] [INFO] default - ::1 GET[200][11ms] /user/project/1 {}
[2022-07-08T15:01:23.342] [INFO] default - Listening on 4000
[2022-07-08T15:03:11.532] [INFO] default - Listening on 4000
[2022-07-08T15:09:17.565] [INFO] default - Listening on 4000
[2022-07-08T15:10:20.057] [INFO] default - Listening on 4000
[2022-07-08T15:15:28.580] [INFO] default - Listening on 4000
[2022-07-08T15:15:40.036] [ERROR] default - invalid input syntax for type integer: "1.jpg"
[2022-07-08T15:15:40.041] [ERROR] default - ::1 POST[400][74ms] /photo/ {"url":"1.jpg","uid":"1"}
[2022-07-08T15:16:27.781] [INFO] default - Listening on 4000
[2022-07-08T15:16:29.503] [INFO] default - ::1 POST[201][40ms] /photo/ {"url":"1.jpg","uid":"1"}
[2022-07-08T15:16:34.298] [INFO] default - ::1 POST[201][15ms] /photo/ {"url":"2.jpg","uid":"1"}
[2022-07-08T15:16:37.415] [INFO] default - ::1 POST[201][16ms] /photo/ {"url":"3.jpg","uid":"1"}
[2022-07-08T15:22:11.432] [INFO] default - Listening on 4000
[2022-07-08T15:22:13.409] [INFO] default - ::1 GET[200][5ms] /photo/1 {}
[2022-07-08T15:22:39.749] [INFO] default - Listening on 4000
[2022-07-08T15:23:34.619] [INFO] default - Listening on 4000
[2022-07-08T15:23:43.475] [INFO] default - ::1 GET[200][5ms] /photo/1 {}
[2022-07-08T15:24:06.979] [INFO] default - Listening on 4000
[2022-07-08T15:24:11.235] [INFO] default - Listening on 4000
[2022-07-08T15:24:14.136] [INFO] default - ::1 GET[200][8ms] /photo/1 {}
[2022-07-08T15:24:23.564] [INFO] default - Listening on 4000
[2022-07-08T15:24:27.919] [INFO] default - ::1 GET[200][7ms] /photo/1 {}
[2022-07-08T15:24:41.130] [INFO] default - ::1 GET[200][38ms] /photo/user/1 {}
[2022-07-08T15:24:54.046] [INFO] default - ::1 GET[200][35ms] /photo/user/1 {}
[2022-07-08T15:25:35.288] [INFO] default - Listening on 4000
[2022-07-08T15:25:41.881] [INFO] default - ::1 GET[200][11ms] /user/photo/1 {}
[2022-07-08T15:25:53.673] [INFO] default - ::1 GET[200][36ms] /photo/user/1 {}
[2022-07-08T15:26:27.898] [INFO] default - ::1 GET[200][36ms] /user/photo/1 {}
[2022-07-08T15:27:47.159] [INFO] default - Listening on 4000
[2022-07-08T15:27:48.990] [INFO] default - ::1 GET[200][11ms] /user/photo/1 {}
[2022-07-08T15:28:06.745] [INFO] default - Listening on 4000
[2022-07-08T15:28:09.383] [INFO] default - ::1 GET[200][12ms] /user/photo/1 {}
[2022-07-08T15:29:51.813] [INFO] default - Listening on 4000
[2022-07-08T15:29:55.305] [ERROR] default - column p.userid does not exist
[2022-07-08T15:29:55.312] [ERROR] default - ::1 GET[400][37ms] /photo/user/1 {}
[2022-07-08T15:30:08.924] [INFO] default - Listening on 4000
[2022-07-08T15:30:10.420] [INFO] default - ::1 GET[200][15ms] /photo/user/1 {}
[2022-07-08T15:30:36.524] [INFO] default - Listening on 4000
[2022-07-08T15:31:11.279] [INFO] default - ::1 GET[200][44ms] /photo/user/1 {}
[2022-07-08T15:31:27.729] [INFO] default - Listening on 4000
[2022-07-08T15:31:50.816] [INFO] default - Listening on 4000
[2022-07-08T15:31:53.222] [ERROR] default - column reference "id" is ambiguous
[2022-07-08T15:31:53.228] [ERROR] default - ::1 GET[400][33ms] /photo/user/1 {}
[2022-07-08T15:32:10.695] [INFO] default - Listening on 4000
[2022-07-08T15:32:12.093] [INFO] default - ::1 GET[200][11ms] /photo/user/1 {}
[2022-07-08T15:32:37.175] [INFO] default - ::1 GET[200][43ms] /user/photo/1 {}
[2022-07-08T15:33:34.455] [INFO] default - Listening on 4000
[2022-07-08T15:33:36.454] [INFO] default - ::1 GET[200][11ms] /user/photo/1 {}
[2022-07-08T15:34:27.285] [INFO] default - Listening on 4000
[2022-07-08T15:34:29.265] [INFO] default - ::1 GET[200][12ms] /user/photo/1 {}
[2022-07-08T15:34:38.578] [INFO] default - Listening on 4000
[2022-07-08T15:34:40.148] [INFO] default - ::1 GET[200][14ms] /user/photo/1 {}
[2022-07-08T15:35:27.194] [INFO] default - Listening on 4000
[2022-07-08T15:35:45.449] [INFO] default - ::1 GET[200][46ms] /user/photo/1 {}
[2022-07-08T15:35:50.533] [INFO] default - ::1 GET[200][5ms] /photo/user/1 {}
[2022-07-08T15:35:52.704] [INFO] default - ::1 GET[200][4ms] /user/photo/1 {}
[2022-07-08T15:35:55.945] [INFO] default - ::1 GET[200][7ms] /photo/user/1 {}
[2022-07-08T15:35:57.861] [INFO] default - ::1 GET[200][4ms] /user/photo/1 {}
[2022-07-08T15:36:41.523] [INFO] default - Listening on 4000
[2022-07-08T15:36:47.821] [INFO] default - ::1 GET[200][13ms] /user/photo/1 {}
[2022-07-08T15:37:23.409] [INFO] default - ::1 GET[200][55ms] /user/photo/1 {}
[2022-07-08T15:38:01.837] [INFO] default - ::1 GET[200][36ms] /user/photo/1 {}
[2022-07-08T15:39:38.463] [INFO] default - Listening on 4000
[2022-07-08T15:39:46.791] [INFO] default - ::1 GET[200][12ms] /user/photo/1 {}
[2022-07-11T08:50:59.542] [INFO] default - Listening on 4000
[2022-07-11T08:51:36.652] [INFO] default - ::1 GET[200][67ms] /user/photo/1 {}
[2022-07-11T09:19:50.099] [INFO] default - Listening on 4000
[2022-07-11T11:23:07.079] [INFO] default - Listening on 4000
[2022-07-11T11:23:09.977] [INFO] default - ::1 GET[200][13ms] /user/photo/1 {}
[2022-07-11T11:25:37.879] [INFO] default - Listening on 4000
[2022-07-11T11:25:39.994] [INFO] default - ::1 POST[201][42ms] /photo/ {"url":"4.jpg","uid":"1"}
[2022-07-11T11:25:51.059] [INFO] default - ::1 GET[200][39ms] /user/photo/1 {}
[2022-07-11T11:35:11.546] [INFO] default - Listening on 7777
[2022-07-11T13:54:14.603] [INFO] default - Listening on 7777
[2022-07-13T08:40:12.633] [INFO] default - Listening on 7777
[2022-07-13T09:19:29.864] [INFO] default - Listening on 7777
[2022-07-13T09:19:53.251] [ERROR] default - ::1 GET[401][6ms] /user {}
[2022-07-13T09:19:53.322] [ERROR] default - ::1 GET[404][3ms] /favicon.ico {}
[2022-07-14T08:21:31.316] [INFO] default - Listening on 7777
[2022-07-14T08:27:18.741] [INFO] default - Listening on 4000
[2022-07-14T08:27:21.129] [INFO] default - ::1 GET[200][36ms] /photo/user/1 {}
[2022-07-14T08:27:28.303] [INFO] default - ::1 GET[200][3ms] /photo/user/13 {}
[2022-07-14T08:52:58.700] [INFO] default - ::1 GET[200][37ms] /project {}
[2022-07-14T08:57:49.537] [INFO] default - ::1 GET[200][42ms] /project/user/11 {}
